TN:
SF:src/server.ts
FN:11,(anonymous_1)
FNF:1
FNH:0
FNDA:0,(anonymous_1)
DA:1,1
DA:2,1
DA:4,1
DA:5,1
DA:6,1
DA:9,1
DA:10,0
DA:11,0
DA:12,0
LF:9
LH:6
BRDA:9,0,0,0
BRF:1
BRH:0
end_of_record
TN:
SF:src/users.ts
FN:10,(anonymous_0)
FN:19,(anonymous_1)
FNF:2
FNH:2
FNDA:2,(anonymous_0)
FNDA:3,(anonymous_1)
DA:1,1
DA:2,1
DA:4,1
DA:10,1
DA:11,2
DA:19,1
DA:20,3
DA:21,3
DA:22,1
DA:24,2
DA:25,2
DA:28,1
LF:12
LH:12
BRDA:21,0,0,1
BRF:1
BRH:1
end_of_record
TN:
SF:src/usersStore.ts
FN:10,getUsers
FN:16,createUser
FN:25,resetStore
FNF:3
FNH:3
FNDA:2,getUsers
FNDA:2,createUser
FNDA:4,resetStore
DA:5,1
DA:6,1
DA:10,1
DA:11,2
DA:16,1
DA:17,2
DA:18,2
DA:19,2
DA:25,1
DA:26,4
DA:27,4
LF:11
LH:11
BRF:0
BRH:0
end_of_record
